<?xml version="1.0" encoding="UTF-8"?>
<testng-results ignored="0" total="3" passed="2" failed="1" skipped="0">
  <reporter-output>
  </reporter-output>
  <suite started-at="2025-04-24T20:09:25 IST" name="Suite" finished-at="2025-04-24T20:10:21 IST" duration-ms="55916">
    <groups>
    </groups>
    <test started-at="2025-04-24T20:09:25 IST" name="Test" finished-at="2025-04-24T20:10:21 IST" duration-ms="55916">
      <class name="com.orangeHr.qa.testcases.LoginTestCase">
        <test-method is-config="true" signature="setUp()[pri:0, instance:com.orangeHr.qa.testcases.LoginTestCase@1e4f4a5c]" started-at="2025-04-24T20:10:05 IST" name="setUp" finished-at="2025-04-24T20:10:10 IST" duration-ms="5541" status="PASS">
          <reporter-output>
          </reporter-output>
        </test-method> <!-- setUp -->
        <test-method signature="loginWithValidCredentialUsingJsonFileAndPageObject()[pri:0, instance:com.orangeHr.qa.testcases.LoginTestCase@1e4f4a5c]" started-at="2025-04-24T20:10:10 IST" name="loginWithValidCredentialUsingJsonFileAndPageObject" finished-at="2025-04-24T20:10:13 IST" duration-ms="2676" status="PASS">
          <reporter-output>
          </reporter-output>
        </test-method> <!-- loginWithValidCredentialUsingJsonFileAndPageObject -->
        <test-method is-config="true" signature="tearDown()[pri:0, instance:com.orangeHr.qa.testcases.LoginTestCase@1e4f4a5c]" started-at="2025-04-24T20:10:13 IST" name="tearDown" finished-at="2025-04-24T20:10:13 IST" duration-ms="362" status="PASS">
          <reporter-output>
          </reporter-output>
        </test-method> <!-- tearDown -->
        <test-method is-config="true" signature="setUp()[pri:0, instance:com.orangeHr.qa.testcases.LoginTestCase@1e4f4a5c]" started-at="2025-04-24T20:10:13 IST" name="setUp" finished-at="2025-04-24T20:10:18 IST" duration-ms="4848" status="PASS">
          <reporter-output>
          </reporter-output>
        </test-method> <!-- setUp -->
        <test-method signature="loginWithInValidCredentialUsingJsonFileAndPageObject()[pri:1, instance:com.orangeHr.qa.testcases.LoginTestCase@1e4f4a5c]" started-at="2025-04-24T20:10:18 IST" name="loginWithInValidCredentialUsingJsonFileAndPageObject" finished-at="2025-04-24T20:10:20 IST" duration-ms="2243" status="FAIL">
          <exception class="java.lang.AssertionError">
            <message>
              <![CDATA[Invalid Credential message validation:  expected [nvalid credentials] but found [Invalid credentials]]]>
            </message>
            <full-stacktrace>
              <![CDATA[java.lang.AssertionError: Invalid Credential message validation:  expected [nvalid credentials] but found [Invalid credentials]
at org.testng.Assert.fail(Assert.java:111)
at org.testng.Assert.failNotEquals(Assert.java:1590)
at org.testng.Assert.assertEqualsImpl(Assert.java:150)
at org.testng.Assert.assertEquals(Assert.java:132)
at org.testng.Assert.assertEquals(Assert.java:656)
at com.orangeHr.qa.testcases.LoginTestCase.loginWithInValidCredentialUsingJsonFileAndPageObject(LoginTestCase.java:158)
at java.base/jdk.internal.reflect.DirectMethodHandleAccessor.invoke(DirectMethodHandleAccessor.java:103)
at java.base/java.lang.reflect.Method.invoke(Method.java:580)
at org.testng.internal.invokers.MethodInvocationHelper.invokeMethod(MethodInvocationHelper.java:141)
at org.testng.internal.invokers.TestInvoker.invokeMethod(TestInvoker.java:687)
at org.testng.internal.invokers.TestInvoker.invokeTestMethod(TestInvoker.java:230)
at org.testng.internal.invokers.MethodRunner.runInSequence(MethodRunner.java:63)
at org.testng.internal.invokers.TestInvoker$MethodInvocationAgent.invoke(TestInvoker.java:995)
at org.testng.internal.invokers.TestInvoker.invokeTestMethods(TestInvoker.java:203)
at org.testng.internal.invokers.TestMethodWorker.invokeTestMethods(TestMethodWorker.java:154)
at org.testng.internal.invokers.TestMethodWorker.run(TestMethodWorker.java:134)
at java.base/java.util.ArrayList.forEach(ArrayList.java:1596)
at org.testng.TestRunner.privateRun(TestRunner.java:741)
at org.testng.TestRunner.run(TestRunner.java:616)
at org.testng.SuiteRunner.runTest(SuiteRunner.java:421)
at org.testng.SuiteRunner.runSequentially(SuiteRunner.java:413)
at org.testng.SuiteRunner.privateRun(SuiteRunner.java:373)
at org.testng.SuiteRunner.run(SuiteRunner.java:312)
at org.testng.SuiteRunnerWorker.runSuite(SuiteRunnerWorker.java:52)
at org.testng.SuiteRunnerWorker.run(SuiteRunnerWorker.java:95)
at org.testng.TestNG.runSuitesSequentially(TestNG.java:1274)
at org.testng.TestNG.runSuitesLocally(TestNG.java:1208)
at org.testng.TestNG.runSuites(TestNG.java:1112)
at org.testng.TestNG.run(TestNG.java:1079)
at org.testng.remote.AbstractRemoteTestNG.run(AbstractRemoteTestNG.java:115)
at org.testng.remote.RemoteTestNG.initAndRun(RemoteTestNG.java:293)
at org.testng.remote.RemoteTestNG.main(RemoteTestNG.java:91)
]]>
            </full-stacktrace>
          </exception> <!-- java.lang.AssertionError -->
          <reporter-output>
          </reporter-output>
        </test-method> <!-- loginWithInValidCredentialUsingJsonFileAndPageObject -->
        <test-method is-config="true" signature="tearDown()[pri:0, instance:com.orangeHr.qa.testcases.LoginTestCase@1e4f4a5c]" started-at="2025-04-24T20:10:20 IST" name="tearDown" finished-at="2025-04-24T20:10:21 IST" duration-ms="334" status="PASS">
          <reporter-output>
          </reporter-output>
        </test-method> <!-- tearDown -->
      </class> <!-- com.orangeHr.qa.testcases.LoginTestCase -->
      <class name="com.orangeHr.qa.testcases.AdminTestCase">
        <test-method is-config="true" signature="setUp()[pri:0, instance:com.orangeHr.qa.testcases.AdminTestCase@97e93f1]" started-at="2025-04-24T20:09:25 IST" name="setUp" finished-at="2025-04-24T20:09:47 IST" duration-ms="22135" status="PASS">
          <reporter-output>
          </reporter-output>
        </test-method> <!-- setUp -->
        <test-method signature="verifyAddUserFunctionalityUsingJsonAndPageObjects()[pri:1, instance:com.orangeHr.qa.testcases.AdminTestCase@97e93f1]" started-at="2025-04-24T20:09:47 IST" name="verifyAddUserFunctionalityUsingJsonAndPageObjects" finished-at="2025-04-24T20:10:04 IST" duration-ms="16526" status="PASS">
          <reporter-output>
          </reporter-output>
        </test-method> <!-- verifyAddUserFunctionalityUsingJsonAndPageObjects -->
        <test-method is-config="true" signature="tearDown()[pri:0, instance:com.orangeHr.qa.testcases.AdminTestCase@97e93f1]" started-at="2025-04-24T20:10:04 IST" name="tearDown" finished-at="2025-04-24T20:10:05 IST" duration-ms="739" status="PASS">
          <reporter-output>
          </reporter-output>
        </test-method> <!-- tearDown -->
      </class> <!-- com.orangeHr.qa.testcases.AdminTestCase -->
    </test> <!-- Test -->
  </suite> <!-- Suite -->
</testng-results>
