<?xml version="1.0" encoding="UTF-8"?>
<testng-results ignored="0" total="3" passed="2" failed="1" skipped="0">
  <reporter-output>
  </reporter-output>
  <suite started-at="2025-04-24T21:32:12 IST" name="Suite" finished-at="2025-04-24T21:33:07 IST" duration-ms="55748">
    <groups>
    </groups>
    <test started-at="2025-04-24T21:32:12 IST" name="Test" finished-at="2025-04-24T21:33:07 IST" duration-ms="55748">
      <class name="com.orangeHr.qa.testcases.LoginTestCase">
        <test-method is-config="true" signature="setUp()[pri:0, instance:com.orangeHr.qa.testcases.LoginTestCase@24569dba]" started-at="2025-04-24T21:32:47 IST" name="setUp" finished-at="2025-04-24T21:32:52 IST" duration-ms="4729" status="PASS">
          <reporter-output>
          </reporter-output>
        </test-method> <!-- setUp -->
        <test-method signature="loginWithValidCredentialUsingJsonFileAndPageObject()[pri:0, instance:com.orangeHr.qa.testcases.LoginTestCase@24569dba]" started-at="2025-04-24T21:32:52 IST" name="loginWithValidCredentialUsingJsonFileAndPageObject" finished-at="2025-04-24T21:32:55 IST" duration-ms="2977" status="PASS">
          <reporter-output>
          </reporter-output>
        </test-method> <!-- loginWithValidCredentialUsingJsonFileAndPageObject -->
        <test-method is-config="true" signature="tearDown()[pri:0, instance:com.orangeHr.qa.testcases.LoginTestCase@24569dba]" started-at="2025-04-24T21:32:55 IST" name="tearDown" finished-at="2025-04-24T21:32:55 IST" duration-ms="218" status="PASS">
          <reporter-output>
          </reporter-output>
        </test-method> <!-- tearDown -->
        <test-method is-config="true" signature="setUp()[pri:0, instance:com.orangeHr.qa.testcases.LoginTestCase@24569dba]" started-at="2025-04-24T21:32:55 IST" name="setUp" finished-at="2025-04-24T21:33:04 IST" duration-ms="9013" status="PASS">
          <reporter-output>
          </reporter-output>
        </test-method> <!-- setUp -->
        <test-method signature="loginWithInValidCredentialUsingJsonFileAndPageObject()[pri:1, instance:com.orangeHr.qa.testcases.LoginTestCase@24569dba]" started-at="2025-04-24T21:33:04 IST" name="loginWithInValidCredentialUsingJsonFileAndPageObject" finished-at="2025-04-24T21:33:07 IST" duration-ms="2907" status="FAIL">
          <exception class="java.lang.AssertionError">
            <message>
              <![CDATA[Invalid Credential message validation:  expected [nvalid credentials] but found [Invalid credentials]]]>
            </message>
            <full-stacktrace>
              <![CDATA[java.lang.AssertionError: Invalid Credential message validation:  expected [nvalid credentials] but found [Invalid credentials]
at org.testng.Assert.fail(Assert.java:111)
at org.testng.Assert.failNotEquals(Assert.java:1590)
at org.testng.Assert.assertEqualsImpl(Assert.java:150)
at org.testng.Assert.assertEquals(Assert.java:132)
at org.testng.Assert.assertEquals(Assert.java:656)
at com.orangeHr.qa.testcases.LoginTestCase.loginWithInValidCredentialUsingJsonFileAndPageObject(LoginTestCase.java:158)
at java.base/jdk.internal.reflect.DirectMethodHandleAccessor.invoke(DirectMethodHandleAccessor.java:103)
at java.base/java.lang.reflect.Method.invoke(Method.java:580)
at org.testng.internal.invokers.MethodInvocationHelper.invokeMethod(MethodInvocationHelper.java:141)
at org.testng.internal.invokers.TestInvoker.invokeMethod(TestInvoker.java:687)
at org.testng.internal.invokers.TestInvoker.invokeTestMethod(TestInvoker.java:230)
at org.testng.internal.invokers.MethodRunner.runInSequence(MethodRunner.java:63)
at org.testng.internal.invokers.TestInvoker$MethodInvocationAgent.invoke(TestInvoker.java:995)
at org.testng.internal.invokers.TestInvoker.invokeTestMethods(TestInvoker.java:203)
at org.testng.internal.invokers.TestMethodWorker.invokeTestMethods(TestMethodWorker.java:154)
at org.testng.internal.invokers.TestMethodWorker.run(TestMethodWorker.java:134)
at java.base/java.util.ArrayList.forEach(ArrayList.java:1596)
at org.testng.TestRunner.privateRun(TestRunner.java:741)
at org.testng.TestRunner.run(TestRunner.java:616)
at org.testng.SuiteRunner.runTest(SuiteRunner.java:421)
at org.testng.SuiteRunner.runSequentially(SuiteRunner.java:413)
at org.testng.SuiteRunner.privateRun(SuiteRunner.java:373)
at org.testng.SuiteRunner.run(SuiteRunner.java:312)
at org.testng.SuiteRunnerWorker.runSuite(SuiteRunnerWorker.java:52)
at org.testng.SuiteRunnerWorker.run(SuiteRunnerWorker.java:95)
at org.testng.TestNG.runSuitesSequentially(TestNG.java:1274)
at org.testng.TestNG.runSuitesLocally(TestNG.java:1208)
at org.testng.TestNG.runSuites(TestNG.java:1112)
at org.testng.TestNG.run(TestNG.java:1079)
at org.apache.maven.surefire.testng.TestNGExecutor.run(TestNGExecutor.java:308)
at org.apache.maven.surefire.testng.TestNGXmlTestSuite.execute(TestNGXmlTestSuite.java:71)
at org.apache.maven.surefire.testng.TestNGProvider.invoke(TestNGProvider.java:113)
at org.apache.maven.surefire.booter.ForkedBooter.runSuitesInProcess(ForkedBooter.java:385)
at org.apache.maven.surefire.booter.ForkedBooter.execute(ForkedBooter.java:162)
at org.apache.maven.surefire.booter.ForkedBooter.run(ForkedBooter.java:507)
at org.apache.maven.surefire.booter.ForkedBooter.main(ForkedBooter.java:495)
]]>
            </full-stacktrace>
          </exception> <!-- java.lang.AssertionError -->
          <reporter-output>
          </reporter-output>
        </test-method> <!-- loginWithInValidCredentialUsingJsonFileAndPageObject -->
        <test-method is-config="true" signature="tearDown()[pri:0, instance:com.orangeHr.qa.testcases.LoginTestCase@24569dba]" started-at="2025-04-24T21:33:07 IST" name="tearDown" finished-at="2025-04-24T21:33:07 IST" duration-ms="228" status="PASS">
          <reporter-output>
          </reporter-output>
        </test-method> <!-- tearDown -->
      </class> <!-- com.orangeHr.qa.testcases.LoginTestCase -->
      <class name="com.orangeHr.qa.testcases.AdminTestCase">
        <test-method is-config="true" signature="setUp()[pri:0, instance:com.orangeHr.qa.testcases.AdminTestCase@75437611]" started-at="2025-04-24T21:32:12 IST" name="setUp" finished-at="2025-04-24T21:32:17 IST" duration-ms="5394" status="PASS">
          <reporter-output>
          </reporter-output>
        </test-method> <!-- setUp -->
        <test-method signature="verifyAddUserFunctionalityUsingJsonAndPageObjects()[pri:1, instance:com.orangeHr.qa.testcases.AdminTestCase@75437611]" started-at="2025-04-24T21:32:17 IST" name="verifyAddUserFunctionalityUsingJsonAndPageObjects" finished-at="2025-04-24T21:32:47 IST" duration-ms="29506" status="PASS">
          <reporter-output>
          </reporter-output>
        </test-method> <!-- verifyAddUserFunctionalityUsingJsonAndPageObjects -->
        <test-method is-config="true" signature="tearDown()[pri:0, instance:com.orangeHr.qa.testcases.AdminTestCase@75437611]" started-at="2025-04-24T21:32:47 IST" name="tearDown" finished-at="2025-04-24T21:32:47 IST" duration-ms="448" status="PASS">
          <reporter-output>
          </reporter-output>
        </test-method> <!-- tearDown -->
      </class> <!-- com.orangeHr.qa.testcases.AdminTestCase -->
    </test> <!-- Test -->
  </suite> <!-- Suite -->
</testng-results>
